<?xml version="1.0" encoding="utf-8" standalone="no"?>
<!--This file represents the results of running a test suite-->
<test-results name="C:\Users\chepelve\Documents\Visual Studio 2012\Projects\IdMRegistrationTest\IdMRegistrationTest\bin\Debug\IdMRegistrationTest.dll" total="1" errors="1" failures="0" not-run="0" inconclusive="0" ignored="0" skipped="0" invalid="0" date="2014-09-17" time="11:48:51">
  <environment nunit-version="2.6.3.13283" clr-version="2.0.50727.5485" os-version="Microsoft Windows NT 6.1.7601 Service Pack 1" platform="Win32NT" cwd="C:\Program Files (x86)\NUnit 2.6.3\bin" machine-name="IBP-CHEPEL" user="chepelve" user-domain="IBPSOFT" />
  <culture-info current-culture="ru-RU" current-uiculture="en-US" />
  <test-suite type="Assembly" name="C:\Users\chepelve\Documents\Visual Studio 2012\Projects\IdMRegistrationTest\IdMRegistrationTest\bin\Debug\IdMRegistrationTest.dll" executed="True" result="Failure" success="False" time="12.721" asserts="0">
    <results>
      <test-suite type="Namespace" name="SeleniumTests" executed="True" result="Failure" success="False" time="12.706" asserts="0">
        <results>
          <test-suite type="TestFixture" name="RegistrationTest" executed="True" result="Failure" success="False" time="12.704" asserts="0">
            <results>
              <test-case name="SeleniumTests.RegistrationTest.TheRegistrationTest" executed="True" result="Error" success="False" time="12.689" asserts="1">
                <failure>
                  <message><![CDATA[OpenQA.Selenium.NoSuchElementException : Unable to locate element: {"method":"css selector","selector":"span.x-ph__link__text"}]]></message>
                  <stack-trace><![CDATA[at OpenQA.Selenium.Remote.RemoteWebDriver.UnpackAndThrowOnError(Response errorResponse)
at OpenQA.Selenium.Remote.RemoteWebDriver.Execute(String driverCommandToExecute, Dictionary`2 parameters)
at OpenQA.Selenium.Remote.RemoteWebDriver.FindElement(String mechanism, String value)
at OpenQA.Selenium.By.FindElement(ISearchContext context)
at SeleniumTests.RegistrationTest.TheRegistrationTest() in c:\Users\chepelve\Documents\Visual Studio 2012\Projects\IdMRegistrationTest\IdMRegistrationTest\RegistrationTest.cs:line 47
]]></stack-trace>
                </failure>
              </test-case>
            </results>
          </test-suite>
        </results>
      </test-suite>
    </results>
  </test-suite>
</test-results>